<?xml version="1.0" encoding="UTF-8"?>
<!-- Generated by org.testng.reporters.JUnitReportReporter -->
<testsuite skipped="0" hostname="LAPTOP-CP7G377U" name="com.suycorp.tests.EmpTests" tests="5" failures="0" timestamp="2021-06-09T22:52:44 IST" time="102.585" errors="0">
  <testcase name="login" time="18.889" classname="com.suycorp.tests.EmpTests"/>
  <system-out/>
  <testcase name="addEmps" time="17.879" classname="com.suycorp.tests.EmpTests"/>
  <system-out/>
  <testcase name="editAddedEmpAndVerify" time="38.601" classname="com.suycorp.tests.EmpTests"/>
  <system-out/>
  <testcase name="delAddedEmps" time="22.574" classname="com.suycorp.tests.EmpTests"/>
  <system-out/>
  <testcase name="delMultiEmp" time="4.642" classname="com.suycorp.tests.EmpTests"/>
  <system-out/>
</testsuite> <!-- com.suycorp.tests.EmpTests -->
